<?xml version="1.0" encoding="UTF-8"?>
<testsuite xmlns:xsi="http://www.w3.org/2001/XMLSchema-instance" xsi:noNamespaceSchemaLocation="https://maven.apache.org/surefire/maven-surefire-plugin/xsd/surefire-test-report-3.0.xsd" version="3.0" name="ies.puerto.db.OperacionesDbTest" time="0.362" tests="4" errors="0" skipped="0" failures="3">
  <properties>
    <property name="sun.desktop" value="gnome"/>
    <property name="awt.toolkit" value="sun.awt.X11.XToolkit"/>
    <property name="java.specification.version" value="11"/>
    <property name="sun.cpu.isalist" value=""/>
    <property name="sun.jnu.encoding" value="UTF-8"/>
    <property name="java.class.path" value="/home/rabgonzalez/rabgonzalez/programacion/Unidad-7/tareas/Sqlite/target/test-classes:/home/rabgonzalez/rabgonzalez/programacion/Unidad-7/tareas/Sqlite/target/classes:/home/rabgonzalez/.m2/repository/org/junit/jupiter/junit-jupiter-api/5.6.0/junit-jupiter-api-5.6.0.jar:/home/rabgonzalez/.m2/repository/org/apiguardian/apiguardian-api/1.1.0/apiguardian-api-1.1.0.jar:/home/rabgonzalez/.m2/repository/org/opentest4j/opentest4j/1.2.0/opentest4j-1.2.0.jar:/home/rabgonzalez/.m2/repository/org/junit/platform/junit-platform-commons/1.6.0/junit-platform-commons-1.6.0.jar:/home/rabgonzalez/.m2/repository/org/mockito/mockito-core/2.21.0/mockito-core-2.21.0.jar:/home/rabgonzalez/.m2/repository/net/bytebuddy/byte-buddy/1.8.15/byte-buddy-1.8.15.jar:/home/rabgonzalez/.m2/repository/net/bytebuddy/byte-buddy-agent/1.8.15/byte-buddy-agent-1.8.15.jar:/home/rabgonzalez/.m2/repository/org/objenesis/objenesis/2.6/objenesis-2.6.jar:/home/rabgonzalez/.m2/repository/org/mockito/mockito-junit-jupiter/2.21.0/mockito-junit-jupiter-2.21.0.jar:/home/rabgonzalez/.m2/repository/org/junit/jupiter/junit-jupiter-engine/5.6.0/junit-jupiter-engine-5.6.0.jar:/home/rabgonzalez/.m2/repository/org/junit/platform/junit-platform-engine/1.6.0/junit-platform-engine-1.6.0.jar:/home/rabgonzalez/.m2/repository/org/simpleframework/simple-xml/2.7.1/simple-xml-2.7.1.jar:/home/rabgonzalez/.m2/repository/stax/stax-api/1.0.1/stax-api-1.0.1.jar:/home/rabgonzalez/.m2/repository/stax/stax/1.2.0/stax-1.2.0.jar:/home/rabgonzalez/.m2/repository/xpp3/xpp3/1.1.3.3/xpp3-1.1.3.3.jar:/home/rabgonzalez/.m2/repository/com/google/code/gson/gson/2.8.8/gson-2.8.8.jar:/home/rabgonzalez/.m2/repository/org/xerial/sqlite-jdbc/3.45.2.0/sqlite-jdbc-3.45.2.0.jar:/home/rabgonzalez/.m2/repository/org/slf4j/slf4j-api/1.7.36/slf4j-api-1.7.36.jar:"/>
    <property name="java.vm.vendor" value="Ubuntu"/>
    <property name="sun.arch.data.model" value="64"/>
    <property name="java.vendor.url" value="https://ubuntu.com/"/>
    <property name="user.timezone" value="Atlantic/Canary"/>
    <property name="java.vm.specification.version" value="11"/>
    <property name="os.name" value="Linux"/>
    <property name="sun.java.launcher" value="SUN_STANDARD"/>
    <property name="user.country" value="ES"/>
    <property name="sun.boot.library.path" value="/usr/lib/jvm/java-11-openjdk-amd64/lib"/>
    <property name="sun.java.command" value="/home/rabgonzalez/rabgonzalez/programacion/Unidad-7/tareas/Sqlite/target/surefire/surefirebooter12230309624672504442.jar /home/rabgonzalez/rabgonzalez/programacion/Unidad-7/tareas/Sqlite/target/surefire 2024-04-05T18-11-10_469-jvmRun1 surefire10954854169305771701tmp surefire_03102908232056387151tmp"/>
    <property name="jdk.debug" value="release"/>
    <property name="surefire.test.class.path" value="/home/rabgonzalez/rabgonzalez/programacion/Unidad-7/tareas/Sqlite/target/test-classes:/home/rabgonzalez/rabgonzalez/programacion/Unidad-7/tareas/Sqlite/target/classes:/home/rabgonzalez/.m2/repository/org/junit/jupiter/junit-jupiter-api/5.6.0/junit-jupiter-api-5.6.0.jar:/home/rabgonzalez/.m2/repository/org/apiguardian/apiguardian-api/1.1.0/apiguardian-api-1.1.0.jar:/home/rabgonzalez/.m2/repository/org/opentest4j/opentest4j/1.2.0/opentest4j-1.2.0.jar:/home/rabgonzalez/.m2/repository/org/junit/platform/junit-platform-commons/1.6.0/junit-platform-commons-1.6.0.jar:/home/rabgonzalez/.m2/repository/org/mockito/mockito-core/2.21.0/mockito-core-2.21.0.jar:/home/rabgonzalez/.m2/repository/net/bytebuddy/byte-buddy/1.8.15/byte-buddy-1.8.15.jar:/home/rabgonzalez/.m2/repository/net/bytebuddy/byte-buddy-agent/1.8.15/byte-buddy-agent-1.8.15.jar:/home/rabgonzalez/.m2/repository/org/objenesis/objenesis/2.6/objenesis-2.6.jar:/home/rabgonzalez/.m2/repository/org/mockito/mockito-junit-jupiter/2.21.0/mockito-junit-jupiter-2.21.0.jar:/home/rabgonzalez/.m2/repository/org/junit/jupiter/junit-jupiter-engine/5.6.0/junit-jupiter-engine-5.6.0.jar:/home/rabgonzalez/.m2/repository/org/junit/platform/junit-platform-engine/1.6.0/junit-platform-engine-1.6.0.jar:/home/rabgonzalez/.m2/repository/org/simpleframework/simple-xml/2.7.1/simple-xml-2.7.1.jar:/home/rabgonzalez/.m2/repository/stax/stax-api/1.0.1/stax-api-1.0.1.jar:/home/rabgonzalez/.m2/repository/stax/stax/1.2.0/stax-1.2.0.jar:/home/rabgonzalez/.m2/repository/xpp3/xpp3/1.1.3.3/xpp3-1.1.3.3.jar:/home/rabgonzalez/.m2/repository/com/google/code/gson/gson/2.8.8/gson-2.8.8.jar:/home/rabgonzalez/.m2/repository/org/xerial/sqlite-jdbc/3.45.2.0/sqlite-jdbc-3.45.2.0.jar:/home/rabgonzalez/.m2/repository/org/slf4j/slf4j-api/1.7.36/slf4j-api-1.7.36.jar:"/>
    <property name="sun.cpu.endian" value="little"/>
    <property name="user.home" value="/home/rabgonzalez"/>
    <property name="user.language" value="es"/>
    <property name="java.specification.vendor" value="Oracle Corporation"/>
    <property name="java.version.date" value="2023-08-24"/>
    <property name="java.home" value="/usr/lib/jvm/java-11-openjdk-amd64"/>
    <property name="file.separator" value="/"/>
    <property name="basedir" value="/home/rabgonzalez/rabgonzalez/programacion/Unidad-7/tareas/Sqlite"/>
    <property name="java.vm.compressedOopsMode" value="Zero based"/>
    <property name="line.separator" value="&#10;"/>
    <property name="java.specification.name" value="Java Platform API Specification"/>
    <property name="java.vm.specification.vendor" value="Oracle Corporation"/>
    <property name="java.awt.graphicsenv" value="sun.awt.X11GraphicsEnvironment"/>
    <property name="surefire.real.class.path" value="/home/rabgonzalez/rabgonzalez/programacion/Unidad-7/tareas/Sqlite/target/surefire/surefirebooter12230309624672504442.jar"/>
    <property name="sun.management.compiler" value="HotSpot 64-Bit Tiered Compilers"/>
    <property name="java.runtime.version" value="11.0.20.1+1-post-Ubuntu-0ubuntu122.04"/>
    <property name="user.name" value="rabgonzalez"/>
    <property name="path.separator" value=":"/>
    <property name="os.version" value="5.15.0-76-generic"/>
    <property name="java.runtime.name" value="OpenJDK Runtime Environment"/>
    <property name="file.encoding" value="UTF-8"/>
    <property name="java.vm.name" value="OpenJDK 64-Bit Server VM"/>
    <property name="localRepository" value="/home/rabgonzalez/.m2/repository"/>
    <property name="java.vendor.url.bug" value="https://bugs.launchpad.net/ubuntu/+source/openjdk-lts"/>
    <property name="java.io.tmpdir" value="/tmp"/>
    <property name="java.version" value="11.0.20.1"/>
    <property name="user.dir" value="/home/rabgonzalez/rabgonzalez/programacion/Unidad-7/tareas/Sqlite"/>
    <property name="os.arch" value="amd64"/>
    <property name="java.vm.specification.name" value="Java Virtual Machine Specification"/>
    <property name="java.awt.printerjob" value="sun.print.PSPrinterJob"/>
    <property name="sun.os.patch.level" value="unknown"/>
    <property name="java.library.path" value="/usr/java/packages/lib:/usr/lib/x86_64-linux-gnu/jni:/lib/x86_64-linux-gnu:/usr/lib/x86_64-linux-gnu:/usr/lib/jni:/lib:/usr/lib"/>
    <property name="java.vm.info" value="mixed mode, sharing"/>
    <property name="java.vendor" value="Ubuntu"/>
    <property name="java.vm.version" value="11.0.20.1+1-post-Ubuntu-0ubuntu122.04"/>
    <property name="java.specification.maintenance.version" value="2"/>
    <property name="sun.io.unicode.encoding" value="UnicodeLittle"/>
    <property name="java.class.version" value="55.0"/>
  </properties>
  <testcase name="insertarEliminarUsuarioTest" classname="ies.puerto.db.OperacionesDbTest" time="0.3">
    <failure type="org.opentest4j.AssertionFailedError"><![CDATA[org.opentest4j.AssertionFailedError: expected: < id='11', nombre='Jonay', edad='19', ciudad='Comunismo'> but was: <null>
	at ies.puerto.db.OperacionesDbTest.insertarEliminarUsuarioTest(OperacionesDbTest.java:55)
]]></failure>
    <system-err><![CDATA[SLF4J: Failed to load class "org.slf4j.impl.StaticLoggerBinder".
SLF4J: Defaulting to no-operation (NOP) logger implementation
SLF4J: See http://www.slf4j.org/codes.html#StaticLoggerBinder for further details.
]]></system-err>
  </testcase>
  <testcase name="obtenerUsuariosTest" classname="ies.puerto.db.OperacionesDbTest" time="0.005">
    <failure type="org.opentest4j.AssertionFailedError"><![CDATA[org.opentest4j.AssertionFailedError: expected: <10> but was: <24>
	at ies.puerto.db.OperacionesDbTest.obtenerUsuariosTest(OperacionesDbTest.java:28)
]]></failure>
  </testcase>
  <testcase name="obtenerUsuarioTest" classname="ies.puerto.db.OperacionesDbTest" time="0.005"/>
  <testcase name="actualizarUsuarioTest" classname="ies.puerto.db.OperacionesDbTest" time="0.019">
    <failure type="org.opentest4j.AssertionFailedError"><![CDATA[org.opentest4j.AssertionFailedError: 
	at ies.puerto.db.OperacionesDbTest.actualizarUsuarioTest(OperacionesDbTest.java:85)
]]></failure>
  </testcase>
</testsuite>